INFO     [2020-11-01 22:06:12,198] Программа запущена
INFO     [2020-11-01 22:06:17,900] Ввод строки, создание массива, заполнение массива числовыми представлениями символов
DEBUG    [2020-11-01 22:06:19,679] Проверка ключа на тип данных прошла успешно
INFO     [2020-11-01 22:06:19,679] Ввод ключа в числовом виде и его проверка
INFO     [2020-11-01 22:06:19,679] Символы зашифрованы
INFO     [2020-11-01 22:06:19,679] Получение символов из числового представления
INFO     [2020-11-01 22:06:19,680] Выведена зашифрованная строка на консоль
INFO     [2020-11-01 22:06:19,680] Программа завершена успешно
INFO     [2020-11-01 22:06:23,219] Программа запущена
INFO     [2020-11-01 22:06:30,906] Ввод строки, создание массива, заполнение массива числовыми представлениями символов
DEBUG    [2020-11-01 22:06:32,613] Пользователь ввел не число
DEBUG    [2020-11-01 22:06:35,190] Проверка ключа на тип данных прошла успешно
INFO     [2020-11-01 22:06:35,190] Ввод ключа в числовом виде и его проверка
INFO     [2020-11-01 22:06:35,191] Символы зашифрованы
INFO     [2020-11-01 22:06:35,191] Получение символов из числового представления
INFO     [2020-11-01 22:06:35,191] Выведена зашифрованная строка на консоль
INFO     [2020-11-01 22:06:35,191] Программа завершена успешно
INFO     [2020-11-01 22:06:38,129] Программа запущена
INFO     [2020-11-01 22:06:43,213] Ввод строки, создание массива, заполнение массива числовыми представлениями символов
DEBUG    [2020-11-01 22:06:47,206] Пользователь ввел не число
DEBUG    [2020-11-01 22:06:48,636] Пользователь ввел не число
DEBUG    [2020-11-01 22:06:51,101] Проверка ключа на тип данных прошла успешно
INFO     [2020-11-01 22:06:51,101] Ввод ключа в числовом виде и его проверка
INFO     [2020-11-01 22:06:51,101] Символы зашифрованы
INFO     [2020-11-01 22:06:51,101] Получение символов из числового представления
INFO     [2020-11-01 22:06:51,101] Выведена зашифрованная строка на консоль
INFO     [2020-11-01 22:06:51,101] Программа завершена успешно
